<?xml version="1.0" encoding="UTF-8"?>
<testsuite name="problem1.FleetManagerTest" tests="1" skipped="0" failures="0" errors="0" timestamp="2020-02-06T03:44:30" hostname="Areals-MacBook-Pro.local" time="0.003">
  <properties/>
  <testcase name="testDrive4" classname="problem1.FleetManagerTest" time="0.003"/>
  <system-out><![CDATA[]]></system-out>
  <system-err><![CDATA[]]></system-err>
</testsuite>
