<?xml version="1.0" encoding="UTF-8"?>
<testsuite name="problem1.MonthlyTest" tests="9" skipped="0" failures="0" errors="0" timestamp="2020-02-10T19:05:20" hostname="Areals-MacBook-Pro.local" time="0.025">
  <properties/>
  <testcase name="getDonationDate" classname="problem1.MonthlyTest" time="0.018"/>
  <testcase name="testToString" classname="problem1.MonthlyTest" time="0.002"/>
  <testcase name="setup2" classname="problem1.MonthlyTest" time="0.001"/>
  <testcase name="checkInPast" classname="problem1.MonthlyTest" time="0.0"/>
  <testcase name="getCancellation" classname="problem1.MonthlyTest" time="0.001"/>
  <testcase name="testHashCode" classname="problem1.MonthlyTest" time="0.0"/>
  <testcase name="testEquals" classname="problem1.MonthlyTest" time="0.001"/>
  <testcase name="setCancellation" classname="problem1.MonthlyTest" time="0.0"/>
  <testcase name="setIncorrectCancellation" classname="problem1.MonthlyTest" time="0.001"/>
  <system-out><![CDATA[]]></system-out>
  <system-err><![CDATA[]]></system-err>
</testsuite>
