<?xml version="1.0" encoding="UTF-8"?>
<testsuite name="problem2.BandTest" tests="4" skipped="0" failures="0" errors="0" timestamp="2020-02-10T19:05:20" hostname="Areals-MacBook-Pro.local" time="0.001">
  <properties/>
  <testcase name="testToString" classname="problem2.BandTest" time="0.0"/>
  <testcase name="getBandName" classname="problem2.BandTest" time="0.0"/>
  <testcase name="testHashCode" classname="problem2.BandTest" time="0.0"/>
  <testcase name="testEquals" classname="problem2.BandTest" time="0.0"/>
  <system-out><![CDATA[]]></system-out>
  <system-err><![CDATA[]]></system-err>
</testsuite>
