<?xml version="1.0" encoding="UTF-8"?>
<testsuite name="problem1.Interior.CleaningTest" tests="4" skipped="0" failures="0" errors="0" timestamp="2020-01-28T22:07:17" hostname="Areals-MacBook-Pro.local" time="0.001">
  <properties/>
  <testcase name="calculatePriceNoDiscount" classname="problem1.Interior.CleaningTest" time="0.0"/>
  <testcase name="calculatePricePreviousServicePrice" classname="problem1.Interior.CleaningTest" time="0.001"/>
  <testcase name="calculateMonthlyPrice" classname="problem1.Interior.CleaningTest" time="0.0"/>
  <testcase name="setHours" classname="problem1.Interior.CleaningTest" time="0.0"/>
  <system-out><![CDATA[]]></system-out>
  <system-err><![CDATA[]]></system-err>
</testsuite>
