<?xml version="1.0" encoding="UTF-8"?>
<testsuite name="problem1.Interior.PaintingTest" tests="4" skipped="0" failures="0" errors="0" timestamp="2020-01-28T22:07:17" hostname="Areals-MacBook-Pro.local" time="0.002">
  <properties/>
  <testcase name="calculatePreviousServiceDiscount" classname="problem1.Interior.PaintingTest" time="0.001"/>
  <testcase name="calculateNoDiscount" classname="problem1.Interior.PaintingTest" time="0.0"/>
  <testcase name="setHours" classname="problem1.Interior.PaintingTest" time="0.0"/>
  <testcase name="calculateMonthlyDiscount" classname="problem1.Interior.PaintingTest" time="0.001"/>
  <system-out><![CDATA[]]></system-out>
  <system-err><![CDATA[]]></system-err>
</testsuite>
