<?xml version="1.0" encoding="UTF-8"?>
<testsuite name="problem1.Specialty.PlumbingTest" tests="3" skipped="0" failures="0" errors="0" timestamp="2020-01-28T22:07:17" hostname="Areals-MacBook-Pro.local" time="0.003">
  <properties/>
  <testcase name="calculatePrice" classname="problem1.Specialty.PlumbingTest" time="0.002"/>
  <testcase name="setEmployees" classname="problem1.Specialty.PlumbingTest" time="0.0"/>
  <testcase name="fee" classname="problem1.Specialty.PlumbingTest" time="0.001"/>
  <system-out><![CDATA[]]></system-out>
  <system-err><![CDATA[]]></system-err>
</testsuite>
