<?xml version="1.0" encoding="UTF-8"?>
<testsuite name="problem1.Exterior.WindowCleaningTest" tests="9" skipped="0" failures="0" errors="0" timestamp="2020-01-28T22:07:17" hostname="Areals-MacBook-Pro.local" time="0.006">
  <properties/>
  <testcase name="testToString" classname="problem1.Exterior.WindowCleaningTest" time="0.0"/>
  <testcase name="calculatePrice" classname="problem1.Exterior.WindowCleaningTest" time="0.0"/>
  <testcase name="setIncorrectFloors" classname="problem1.Exterior.WindowCleaningTest" time="0.0"/>
  <testcase name="fee" classname="problem1.Exterior.WindowCleaningTest" time="0.0"/>
  <testcase name="setFloors" classname="problem1.Exterior.WindowCleaningTest" time="0.0"/>
  <testcase name="getFloors" classname="problem1.Exterior.WindowCleaningTest" time="0.001"/>
  <testcase name="testHashCode" classname="problem1.Exterior.WindowCleaningTest" time="0.001"/>
  <testcase name="wrongAmountOfFloors" classname="problem1.Exterior.WindowCleaningTest" time="0.0"/>
  <testcase name="testEquals" classname="problem1.Exterior.WindowCleaningTest" time="0.0"/>
  <system-out><![CDATA[]]></system-out>
  <system-err><![CDATA[]]></system-err>
</testsuite>
