<?xml version="1.0" encoding="UTF-8"?>
<testsuite name="problem1.Exterior.GardeningTest" tests="2" skipped="0" failures="0" errors="0" timestamp="2020-01-28T22:07:17" hostname="Areals-MacBook-Pro.local" time="0.004">
  <properties/>
  <testcase name="calculatePrice" classname="problem1.Exterior.GardeningTest" time="0.003"/>
  <testcase name="fee" classname="problem1.Exterior.GardeningTest" time="0.001"/>
  <system-out><![CDATA[]]></system-out>
  <system-err><![CDATA[]]></system-err>
</testsuite>
