<?xml version="1.0" encoding="UTF-8"?>
<testsuite name="catering.EventsTest" tests="3" skipped="0" failures="0" errors="0" timestamp="2020-01-21T19:26:00" hostname="Areals-MacBook-Pro.local" time="0.001">
  <properties/>
  <testcase name="getName" classname="catering.EventsTest" time="0.0"/>
  <testcase name="getNumberOfPeople" classname="catering.EventsTest" time="0.0"/>
  <testcase name="setName" classname="catering.EventsTest" time="0.0"/>
  <system-out><![CDATA[]]></system-out>
  <system-err><![CDATA[]]></system-err>
</testsuite>
