<?xml version="1.0" encoding="UTF-8"?>
<testsuite name="lockers.RecipientTest" tests="6" skipped="0" failures="0" errors="0" timestamp="2020-01-21T19:26:00" hostname="Areals-MacBook-Pro.local" time="0.003">
  <properties/>
  <testcase name="getFirstName" classname="lockers.RecipientTest" time="0.001"/>
  <testcase name="setLastName" classname="lockers.RecipientTest" time="0.0"/>
  <testcase name="getLastName" classname="lockers.RecipientTest" time="0.0"/>
  <testcase name="setEmail" classname="lockers.RecipientTest" time="0.0"/>
  <testcase name="setFirstName" classname="lockers.RecipientTest" time="0.0"/>
  <testcase name="getEmail" classname="lockers.RecipientTest" time="0.0"/>
  <system-out><![CDATA[]]></system-out>
  <system-err><![CDATA[]]></system-err>
</testsuite>
