<?xml version="1.0" encoding="UTF-8"?>
<testsuite name="catering.DinnerTest" tests="6" skipped="0" failures="0" errors="0" timestamp="2020-01-21T19:26:00" hostname="Areals-MacBook-Pro.local" time="0.002">
  <properties/>
  <testcase name="tooMany" classname="catering.DinnerTest" time="0.001"/>
  <testcase name="notEnough" classname="catering.DinnerTest" time="0.0"/>
  <testcase name="negative" classname="catering.DinnerTest" time="0.0"/>
  <testcase name="correct" classname="catering.DinnerTest" time="0.0"/>
  <testcase name="getNumberNonVegetarian" classname="catering.DinnerTest" time="0.001"/>
  <testcase name="getNumberVegetarian" classname="catering.DinnerTest" time="0.0"/>
  <system-out><![CDATA[]]></system-out>
  <system-err><![CDATA[]]></system-err>
</testsuite>
