<?xml version="1.0" encoding="UTF-8"?>
<testsuite name="problem2.SetTest" tests="9" skipped="0" failures="0" errors="0" timestamp="2020-02-03T20:02:13" hostname="Areals-MacBook-Pro.local" time="0.003">
  <properties/>
  <testcase name="testToString" classname="problem2.SetTest" time="0.0"/>
  <testcase name="remove" classname="problem2.SetTest" time="0.0"/>
  <testcase name="contains" classname="problem2.SetTest" time="0.0"/>
  <testcase name="add" classname="problem2.SetTest" time="0.0"/>
  <testcase name="size" classname="problem2.SetTest" time="0.0"/>
  <testcase name="testHashCode" classname="problem2.SetTest" time="0.0"/>
  <testcase name="emptySet" classname="problem2.SetTest" time="0.0"/>
  <testcase name="testEquals" classname="problem2.SetTest" time="0.0"/>
  <testcase name="isEmpty" classname="problem2.SetTest" time="0.0"/>
  <system-out><![CDATA[]]></system-out>
  <system-err><![CDATA[]]></system-err>
</testsuite>
