<?xml version="1.0" encoding="UTF-8"?>
<testsuite name="problem3.AmountTest" tests="4" skipped="0" failures="0" errors="0" timestamp="2020-01-14T19:17:51" hostname="Areals-MacBook-Pro.local" time="0.001">
  <properties/>
  <testcase name="addMoney" classname="problem3.AmountTest" time="0.001"/>
  <testcase name="withdrawMoney" classname="problem3.AmountTest" time="0.0"/>
  <testcase name="getDollar" classname="problem3.AmountTest" time="0.0"/>
  <testcase name="getCents" classname="problem3.AmountTest" time="0.0"/>
  <system-out><![CDATA[]]></system-out>
  <system-err><![CDATA[]]></system-err>
</testsuite>
