<?xml version="1.0" encoding="UTF-8"?>
<testsuite name="problem1.VehicleTest" tests="6" skipped="0" failures="0" errors="0" timestamp="2020-01-14T19:17:51" hostname="Areals-MacBook-Pro.local" time="0.005">
  <properties/>
  <testcase name="getVin" classname="problem1.VehicleTest" time="0.003"/>
  <testcase name="getLicensePlate" classname="problem1.VehicleTest" time="0.0"/>
  <testcase name="setVin" classname="problem1.VehicleTest" time="0.001"/>
  <testcase name="setLicensePlate" classname="problem1.VehicleTest" time="0.0"/>
  <testcase name="getOwnerName" classname="problem1.VehicleTest" time="0.0"/>
  <testcase name="getOwnerPhone" classname="problem1.VehicleTest" time="0.0"/>
  <system-out><![CDATA[]]></system-out>
  <system-err><![CDATA[]]></system-err>
</testsuite>
