<?xml version="1.0" encoding="UTF-8"?>
<testsuite name="problem1.OwnerTest" tests="7" skipped="0" failures="0" errors="0" timestamp="2020-01-14T19:17:51" hostname="Areals-MacBook-Pro.local" time="0.002">
  <properties/>
  <testcase name="getPhoneNumber" classname="problem1.OwnerTest" time="0.001"/>
  <testcase name="getFullName" classname="problem1.OwnerTest" time="0.0"/>
  <testcase name="getFirstName" classname="problem1.OwnerTest" time="0.0"/>
  <testcase name="setLastName" classname="problem1.OwnerTest" time="0.0"/>
  <testcase name="getLastName" classname="problem1.OwnerTest" time="0.0"/>
  <testcase name="setPhoneNumber" classname="problem1.OwnerTest" time="0.0"/>
  <testcase name="setFirstName" classname="problem1.OwnerTest" time="0.0"/>
  <system-out><![CDATA[]]></system-out>
  <system-err><![CDATA[]]></system-err>
</testsuite>
