<?xml version="1.0" encoding="UTF-8"?>
<testsuite name="assignment8.CSVTest" tests="4" skipped="0" failures="0" errors="0" timestamp="2020-03-24T19:09:06" hostname="Areals-MacBook-Pro.local" time="0.027">
  <properties/>
  <testcase name="testToString" classname="assignment8.CSVTest" time="0.003"/>
  <testcase name="getLineAsList" classname="assignment8.CSVTest" time="0.002"/>
  <testcase name="testHashCode" classname="assignment8.CSVTest" time="0.004"/>
  <testcase name="testEquals" classname="assignment8.CSVTest" time="0.001"/>
  <system-out><![CDATA[]]></system-out>
  <system-err><![CDATA[]]></system-err>
</testsuite>
