<?xml version="1.0" encoding="UTF-8"?>
<testsuite name="assignment8.CommandLineParserTest" tests="14" skipped="0" failures="0" errors="0" timestamp="2020-03-24T19:09:06" hostname="Areals-MacBook-Pro.local" time="0.146">
  <properties/>
  <testcase name="getEmailTemplateLocation" classname="assignment8.CommandLineParserTest" time="0.005"/>
  <testcase name="testToString" classname="assignment8.CommandLineParserTest" time="0.003"/>
  <testcase name="testMissingInputLocation" classname="assignment8.CommandLineParserTest" time="0.002"/>
  <testcase name="testMissingCSVArgument" classname="assignment8.CommandLineParserTest" time="0.038"/>
  <testcase name="testInvalidNumberArguments" classname="assignment8.CommandLineParserTest" time="0.003"/>
  <testcase name="getLetterTemplateLocation" classname="assignment8.CommandLineParserTest" time="0.005"/>
  <testcase name="getOutputFileLocation" classname="assignment8.CommandLineParserTest" time="0.001"/>
  <testcase name="testHashCode" classname="assignment8.CommandLineParserTest" time="0.002"/>
  <testcase name="testEquals" classname="assignment8.CommandLineParserTest" time="0.001"/>
  <testcase name="testMissingOutputDirectory" classname="assignment8.CommandLineParserTest" time="0.004"/>
  <testcase name="testMissingEmailLocation" classname="assignment8.CommandLineParserTest" time="0.002"/>
  <testcase name="getInputFile" classname="assignment8.CommandLineParserTest" time="0.002"/>
  <testcase name="testMissingLetterArgument" classname="assignment8.CommandLineParserTest" time="0.025"/>
  <testcase name="testMissingFileLocation" classname="assignment8.CommandLineParserTest" time="0.002"/>
  <system-out><![CDATA[]]></system-out>
  <system-err><![CDATA[]]></system-err>
</testsuite>
