<?xml version="1.0" encoding="UTF-8"?>
<testsuite name="assignment7.RadioButtonTest" tests="2" skipped="0" failures="0" errors="0" timestamp="2020-03-09T19:28:38" hostname="Areals-MacBook-Pro.local" time="0.002">
  <properties/>
  <testcase name="testToString" classname="assignment7.RadioButtonTest" time="0.002"/>
  <testcase name="isValid" classname="assignment7.RadioButtonTest" time="0.0"/>
  <system-out><![CDATA[]]></system-out>
  <system-err><![CDATA[]]></system-err>
</testsuite>
