<?xml version="1.0" encoding="UTF-8"?>
<testsuite name="assignment9.controller.CommandLineParserTest" tests="2" skipped="0" failures="0" errors="0" timestamp="2020-04-07T21:23:36" hostname="Areals-MacBook-Pro.local" time="0.075">
  <properties/>
  <testcase name="incorrectParserSetUp" classname="assignment9.controller.CommandLineParserTest" time="0.067"/>
  <testcase name="getCommands" classname="assignment9.controller.CommandLineParserTest" time="0.007"/>
  <system-out><![CDATA[]]></system-out>
  <system-err><![CDATA[]]></system-err>
</testsuite>
