<?xml version="1.0" encoding="UTF-8"?>
<testsuite name="assignment9.view.DisplayTest" tests="1" skipped="0" failures="0" errors="0" timestamp="2020-04-07T21:23:37" hostname="Areals-MacBook-Pro.local" time="0.002">
  <properties/>
  <testcase name="getToDosInDisplay" classname="assignment9.view.DisplayTest" time="0.002"/>
  <system-out><![CDATA[]]></system-out>
  <system-err><![CDATA[]]></system-err>
</testsuite>
