<?xml version="1.0" encoding="UTF-8"?>
<testsuite name="assignment9.controller.FiltersTest" tests="2" skipped="0" failures="0" errors="0" timestamp="2020-04-07T21:23:37" hostname="Areals-MacBook-Pro.local" time="0.004">
  <properties/>
  <testcase name="filterByCategory" classname="assignment9.controller.FiltersTest" time="0.003"/>
  <testcase name="filterByIncomplete" classname="assignment9.controller.FiltersTest" time="0.0"/>
  <system-out><![CDATA[]]></system-out>
  <system-err><![CDATA[]]></system-err>
</testsuite>
