<?xml version="1.0" encoding="UTF-8"?>
<testsuite name="assignment9.controller.DateSortTest" tests="3" skipped="0" failures="0" errors="0" timestamp="2020-04-07T21:23:37" hostname="Areals-MacBook-Pro.local" time="0.003">
  <properties/>
  <testcase name="compareNull" classname="assignment9.controller.DateSortTest" time="0.001"/>
  <testcase name="compareEqual" classname="assignment9.controller.DateSortTest" time="0.001"/>
  <testcase name="compare" classname="assignment9.controller.DateSortTest" time="0.0"/>
  <system-out><![CDATA[]]></system-out>
  <system-err><![CDATA[]]></system-err>
</testsuite>
