<?xml version="1.0" encoding="UTF-8"?>
<testsuite name="assignment9.controller.WriteTest" tests="1" skipped="0" failures="0" errors="0" timestamp="2020-04-07T21:23:37" hostname="Areals-MacBook-Pro.local" time="0.014">
  <properties/>
  <testcase name="updateCsvFileWithTempFolder" classname="assignment9.controller.WriteTest" time="0.014"/>
  <system-out><![CDATA[]]></system-out>
  <system-err><![CDATA[]]></system-err>
</testsuite>
