<?xml version="1.0" encoding="UTF-8"?>
<testsuite name="assignment9.controller.ReadTest" tests="2" skipped="0" failures="0" errors="0" timestamp="2020-04-07T21:23:37" hostname="Areals-MacBook-Pro.local" time="0.041">
  <properties/>
  <testcase name="getAllToDosAndReadFile" classname="assignment9.controller.ReadTest" time="0.025"/>
  <testcase name="readInvalidFile" classname="assignment9.controller.ReadTest" time="0.004"/>
  <system-out><![CDATA[]]></system-out>
  <system-err><![CDATA[]]></system-err>
</testsuite>
